<?xml version="1.0" encoding="UTF-8"?>
<!-- Generated by org.testng.reporters.JUnitReportReporter -->
<testsuite hostname="ATMECSINDT-047" name="com.jdpa.services.Controller" tests="1" failures="0" timestamp="20 Jan 2015 05:32:12 GMT" time="3.992" errors="0">
  <testcase name="firstTest" time="3.992" classname="com.jdpa.services.Controller"/>
</testsuite> <!-- com.jdpa.services.Controller -->
