<?xml version="1.0" encoding="UTF-8"?>
<!-- Generated by org.testng.reporters.JUnitReportReporter -->
<testsuite hostname="ATMECSINDT-047" name="com.jdpa.services.Controller" tests="2" failures="0" timestamp="21 Jan 2015 14:44:15 GMT" time="20.176" errors="0">
  <testcase name="firstTest" time="4.439" classname="com.jdpa.services.Controller"/>
  <testcase name="init" time="15.737" classname="com.jdpa.services.Controller"/>
</testsuite> <!-- com.jdpa.services.Controller -->
