<?xml version="1.0" encoding="UTF-8"?>
<!-- Generated by org.testng.reporters.JUnitReportReporter -->
<testsuite hostname="ATMECSINDT-047" name="com.jdpa.services.Controller" tests="2" failures="0" timestamp="21 Jan 2015 10:19:30 GMT" time="15.024" errors="0">
  <testcase name="firstTest" time="4.231" classname="com.jdpa.services.Controller"/>
  <testcase name="init" time="10.793" classname="com.jdpa.services.Controller"/>
</testsuite> <!-- com.jdpa.services.Controller -->
