<?xml version="1.0" encoding="UTF-8"?>
<!-- Generated by org.testng.reporters.JUnitReportReporter -->
<testsuite hostname="ATMECSINDT-047" name="com.jdpa.scripts.DriverHandler" tests="2" failures="0" timestamp="10 Jan 2015 10:12:46 GMT" time="26.906" errors="0">
  <testcase name="testread" time="10.281" classname="com.jdpa.scripts.DriverHandler"/>
  <testcase name="testread" time="16.625" classname="com.jdpa.scripts.DriverHandler"/>
</testsuite> <!-- com.jdpa.scripts.DriverHandler -->
